19-07-2023 12:13:32.947 -05:00      INFO 4369 --- [restartedMain] com.quickpay.QuickPayApplication         : Starting QuickPayApplication using Java 19.0.1 on Youngjins-MBP.lan with PID 4369 (/Users/kwon/Desktop/repo/QuickPay/java/target/classes started by kwon in /Users/kwon/Desktop/repo/QuickPay/java)
19-07-2023 12:13:32.949 -05:00      INFO 4369 --- [restartedMain] com.quickpay.QuickPayApplication         : No active profile set, falling back to 1 default profile: "default"
19-07-2023 12:13:33.915 -05:00      WARN 4369 --- [restartedMain] o.s.s.c.a.web.builders.WebSecurity       : You are asking Spring Security to ignore Ant [pattern='/**', OPTIONS]. This is not recommended -- please use permitAll via HttpSecurity#authorizeHttpRequests instead.
19-07-2023 12:13:34.325 -05:00      INFO 4369 --- [restartedMain] com.quickpay.QuickPayApplication         : Started QuickPayApplication in 1.64 seconds (JVM running for 1.954)
19-07-2023 12:14:34.606 -05:00 07C3A23154198A73FE765D048A45F32B Youngjin OPTIONS /login  INFO 4369 --- [http-nio-9000-exec-1] com.quickpay.LoggingFilter               : OPTIONS : /login
19-07-2023 12:14:34.618 -05:00 07C3A23154198A73FE765D048A45F32B Youngjin OPTIONS /login  INFO 4369 --- [http-nio-9000-exec-1] com.quickpay.LoggingFilter               : Completed : 200
19-07-2023 12:14:34.650 -05:00      INFO 4369 --- [http-nio-9000-exec-2] com.quickpay.security.jwt.TokenProvider  : Expired JWT token.
19-07-2023 12:14:34.654 -05:00 62D72535DAAB74F34E83A9E289B862B0 Youngjin POST /login  INFO 4369 --- [http-nio-9000-exec-2] com.quickpay.LoggingFilter               : POST : /login
19-07-2023 12:14:34.922 -05:00 62D72535DAAB74F34E83A9E289B862B0 Youngjin POST /login  INFO 4369 --- [http-nio-9000-exec-2] com.quickpay.LoggingFilter               : Completed : 200
19-07-2023 12:14:34.929 -05:00 888453EEB261EEE682CB2326E63BA103 Youngjin OPTIONS /user/id  INFO 4369 --- [http-nio-9000-exec-3] com.quickpay.LoggingFilter               : OPTIONS : /user/id
19-07-2023 12:14:34.930 -05:00 888453EEB261EEE682CB2326E63BA103 Youngjin OPTIONS /user/id  INFO 4369 --- [http-nio-9000-exec-3] com.quickpay.LoggingFilter               : Completed : 200
19-07-2023 12:14:34.935 -05:00 F0FB28019C12198054825952E4DFDC7B Youngjin GET /user/id  INFO 4369 --- [http-nio-9000-exec-4] com.quickpay.LoggingFilter               : GET : /user/id
19-07-2023 12:14:34.939 -05:00 F0FB28019C12198054825952E4DFDC7B Youngjin GET /user/id  INFO 4369 --- [http-nio-9000-exec-4] com.quickpay.LoggingFilter               : Completed : 200
19-07-2023 12:14:34.944 -05:00 F4E1E03E15FB78B8DF88D2DEBFFB17BE Youngjin OPTIONS /account/user/1  INFO 4369 --- [http-nio-9000-exec-5] com.quickpay.LoggingFilter               : OPTIONS : /account/user/1
19-07-2023 12:14:34.945 -05:00 F4E1E03E15FB78B8DF88D2DEBFFB17BE Youngjin OPTIONS /account/user/1  INFO 4369 --- [http-nio-9000-exec-5] com.quickpay.LoggingFilter               : Completed : 200
19-07-2023 12:14:34.949 -05:00 8EDCF9961D851A12110DFF203F648CF9 Youngjin GET /account/user/1  INFO 4369 --- [http-nio-9000-exec-6] com.quickpay.LoggingFilter               : GET : /account/user/1
19-07-2023 12:14:34.963 -05:00 8EDCF9961D851A12110DFF203F648CF9 Youngjin GET /account/user/1  INFO 4369 --- [http-nio-9000-exec-6] com.quickpay.LoggingFilter               : Completed : 200
19-07-2023 12:14:35.363 -05:00 ADA4EAC5DAA1C4B80F49CDB6AE14BC04 Youngjin OPTIONS /account/1  INFO 4369 --- [http-nio-9000-exec-7] com.quickpay.LoggingFilter               : OPTIONS : /account/1
19-07-2023 12:14:35.365 -05:00 ADA4EAC5DAA1C4B80F49CDB6AE14BC04 Youngjin OPTIONS /account/1  INFO 4369 --- [http-nio-9000-exec-7] com.quickpay.LoggingFilter               : Completed : 200
19-07-2023 12:14:35.372 -05:00 463F05ED1F60C98F71960FE82E9CBCA8 Youngjin GET /account/1  INFO 4369 --- [http-nio-9000-exec-8] com.quickpay.LoggingFilter               : GET : /account/1
19-07-2023 12:14:35.376 -05:00 463F05ED1F60C98F71960FE82E9CBCA8 Youngjin GET /account/1  INFO 4369 --- [http-nio-9000-exec-8] com.quickpay.LoggingFilter               : Completed : 200
19-07-2023 12:14:35.379 -05:00 0345B35714516706C6BAB0F37025A4F5 Youngjin OPTIONS /transaction/1  INFO 4369 --- [http-nio-9000-exec-9] com.quickpay.LoggingFilter               : OPTIONS : /transaction/1
19-07-2023 12:14:35.379 -05:00 0345B35714516706C6BAB0F37025A4F5 Youngjin OPTIONS /transaction/1  INFO 4369 --- [http-nio-9000-exec-9] com.quickpay.LoggingFilter               : Completed : 200
19-07-2023 12:14:35.383 -05:00 571EAB659872E70B71D0AF7C7A375067 Youngjin GET /transaction/1  INFO 4369 --- [http-nio-9000-exec-10] com.quickpay.LoggingFilter               : GET : /transaction/1
19-07-2023 12:14:35.390 -05:00 571EAB659872E70B71D0AF7C7A375067 Youngjin GET /transaction/1  INFO 4369 --- [http-nio-9000-exec-10] com.quickpay.LoggingFilter               : Completed : 200
19-07-2023 12:15:32.001 -05:00 15811ED8C674F49466568CFD579D380F Youngjin OPTIONS /register  INFO 4369 --- [http-nio-9000-exec-2] com.quickpay.LoggingFilter               : OPTIONS : /register
19-07-2023 12:15:32.014 -05:00 15811ED8C674F49466568CFD579D380F Youngjin OPTIONS /register  INFO 4369 --- [http-nio-9000-exec-2] com.quickpay.LoggingFilter               : Completed : 200
19-07-2023 12:15:32.020 -05:00 855ADD741430C810E3E7024F612E2051 Youngjin POST /register  INFO 4369 --- [http-nio-9000-exec-3] com.quickpay.LoggingFilter               : POST : /register
19-07-2023 12:15:32.158 -05:00 855ADD741430C810E3E7024F612E2051 Youngjin POST /register  INFO 4369 --- [http-nio-9000-exec-3] com.quickpay.LoggingFilter               : Completed : 201
19-07-2023 12:16:46.474 -05:00 DEDB209F6BB958CC76C1EF5BBCA4C7BE Youngjin POST /login  INFO 4369 --- [http-nio-9000-exec-5] com.quickpay.LoggingFilter               : POST : /login
19-07-2023 12:16:46.514 -05:00 DEDB209F6BB958CC76C1EF5BBCA4C7BE Youngjin POST /login  INFO 4369 --- [http-nio-9000-exec-5] com.quickpay.LoggingFilter               : Completed : 200
19-07-2023 12:16:46.521 -05:00 F7803184B6ABBD3E310942C9E206B3E2 Youngjin GET /user/id  INFO 4369 --- [http-nio-9000-exec-6] com.quickpay.LoggingFilter               : GET : /user/id
19-07-2023 12:16:46.522 -05:00 F7803184B6ABBD3E310942C9E206B3E2 Youngjin GET /user/id  INFO 4369 --- [http-nio-9000-exec-6] com.quickpay.LoggingFilter               : Completed : 200
19-07-2023 12:16:46.528 -05:00 18D93EB097CCE7992CAE23C3E1583D6E Youngjin GET /account/user/1  INFO 4369 --- [http-nio-9000-exec-7] com.quickpay.LoggingFilter               : GET : /account/user/1
19-07-2023 12:16:46.531 -05:00 18D93EB097CCE7992CAE23C3E1583D6E Youngjin GET /account/user/1  INFO 4369 --- [http-nio-9000-exec-7] com.quickpay.LoggingFilter               : Completed : 200
19-07-2023 12:16:46.916 -05:00 CF72062DB098A786F1F0F2DA01EA6FFE Youngjin GET /account/1  INFO 4369 --- [http-nio-9000-exec-8] com.quickpay.LoggingFilter               : GET : /account/1
19-07-2023 12:16:46.923 -05:00 CF72062DB098A786F1F0F2DA01EA6FFE Youngjin GET /account/1  INFO 4369 --- [http-nio-9000-exec-8] com.quickpay.LoggingFilter               : Completed : 200
19-07-2023 12:16:46.932 -05:00 47A9A20C7D03850F73F8E295A0D24E6E Youngjin GET /transaction/1  INFO 4369 --- [http-nio-9000-exec-9] com.quickpay.LoggingFilter               : GET : /transaction/1
19-07-2023 12:16:46.937 -05:00 47A9A20C7D03850F73F8E295A0D24E6E Youngjin GET /transaction/1  INFO 4369 --- [http-nio-9000-exec-9] com.quickpay.LoggingFilter               : Completed : 200
